#
# A fatal error has been detected by the Java Runtime Environment:
#
#  Internal Error (javaCalls.cpp:51), pid=4224, tid=0x0000000000002908
#  guarantee(thread->is_Java_thread()) failed: crucial check - the VM thread cannot and must not escape to Java code
#
# JRE version: Java(TM) SE Runtime Environment (8.0_201-b09) (build 1.8.0_201-b09)
# Java VM: Java HotSpot(TM) 64-Bit Server VM (25.201-b09 mixed mode windows-amd64 compressed oops)
# Failed to write core dump. Minidumps are not enabled by default on client versions of Windows
#
# If you would like to submit a bug report, please visit:
#   http://bugreport.java.com/bugreport/crash.jsp
#

---------------  T H R E A D  ---------------

Current thread (0x00000000174b7800):  VMThread [stack: 0x0000000018540000,0x0000000018640000] [id=10504]

Stack: [0x0000000018540000,0x0000000018640000]
[error occurred during error reporting (printing stack bounds), id 0xc0000005]

Native frames: (J=compiled Java code, j=interpreted, Vv=VM code, C=native code)

VM_Operation (0x0000000018c2f3a0): GetOrSetLocal, mode: safepoint, requested by thread 0x0000000017501000


---------------  P R O C E S S  ---------------

Java Threads: ( => current thread )
  0x0000000018f4e000 JavaThread "Service Thread" daemon [_thread_blocked, id=2836, stack(0x0000000019530000,0x0000000019630000)]
  0x0000000018ec3800 JavaThread "C1 CompilerThread2" daemon [_thread_blocked, id=4152, stack(0x0000000019430000,0x0000000019530000)]
  0x0000000018ebf800 JavaThread "C2 CompilerThread1" daemon [_thread_blocked, id=8664, stack(0x0000000019330000,0x0000000019430000)]
  0x0000000018ebe800 JavaThread "C2 CompilerThread0" daemon [_thread_blocked, id=2252, stack(0x0000000019230000,0x0000000019330000)]
  0x0000000017514800 JavaThread "JDWP Command Reader" daemon [_thread_in_native, id=7148, stack(0x0000000018d30000,0x0000000018e30000)]
  0x000000001750f000 JavaThread "JDWP Event Helper Thread" daemon [_thread_blocked, id=2324, stack(0x0000000018c30000,0x0000000018d30000)]
  0x0000000017501000 JavaThread "JDWP Transport Listener: dt_socket" daemon [_thread_blocked, id=4876, stack(0x0000000018b30000,0x0000000018c30000)]
  0x00000000174f7000 JavaThread "Attach Listener" daemon [_thread_blocked, id=8244, stack(0x0000000018a30000,0x0000000018b30000)]
  0x00000000174f5800 JavaThread "Signal Dispatcher" daemon [_thread_blocked, id=2428, stack(0x0000000018930000,0x0000000018a30000)]
  0x00000000029bc000 JavaThread "Finalizer" daemon [_thread_blocked, id=5600, stack(0x0000000018740000,0x0000000018840000)]
  0x00000000029b3000 JavaThread "Reference Handler" daemon [_thread_blocked, id=10868, stack(0x0000000018640000,0x0000000018740000)]
  0x00000000028c3800 JavaThread "main" [_thread_blocked, id=748, stack(0x00000000025e0000,0x00000000026e0000)]

Other Threads:
=>0x00000000174b7800 VMThread [stack: 0x0000000018540000,0x0000000018640000] [id=10504]
  0x0000000018f93000 WatcherThread [stack: 0x0000000019630000,0x0000000019730000] [id=8892]

VM state:at safepoint (normal execution)

VM Mutex/Monitor currently owned by a thread:  ([mutex/lock_event])
[0x00000000028c0cd0] Threads_lock - owner thread: 0x00000000174b7800

heap address: 0x0000000081c00000, size: 2020 MB, Compressed Oops mode: 32-bit
Narrow klass base: 0x0000000000000000, Narrow klass shift: 3
Compressed class space size: 1073741824 Address: 0x0000000100000000

Heap:
 PSYoungGen      total 38400K, used 6659K [0x00000000d5f00000, 0x00000000d8980000, 0x0000000100000000)
  eden space 33280K, 20% used [0x00000000d5f00000,0x00000000d6580f80,0x00000000d7f80000)
  from space 5120K, 0% used [0x00000000d8480000,0x00000000d8480000,0x00000000d8980000)
  to   space 5120K, 0% used [0x00000000d7f80000,0x00000000d7f80000,0x00000000d8480000)
 ParOldGen       total 87552K, used 0K [0x0000000081c00000, 0x0000000087180000, 0x00000000d5f00000)
  object space 87552K, 0% used [0x0000000081c00000,0x0000000081c00000,0x0000000087180000)
 Metaspace       used 3959K, capacity 4832K, committed 5120K, reserved 1056768K
  class space    used 426K, capacity 464K, committed 512K, reserved 1048576K

Card table byte_map: [0x0000000011d80000,0x0000000012180000] byte_map_base: 0x0000000011972000

Marking Bits: (ParMarkBitMap*) 0x00000000766b4ce0
 Begin Bits: [0x0000000012830000, 0x00000000147c0000)
 End Bits:   [0x00000000147c0000, 0x0000000016750000)

Polling page: 0x0000000000a90000

CodeCache: size=245760Kb used=1594Kb max_used=1615Kb free=244165Kb
 bounds [0x00000000029c0000, 0x0000000002c30000, 0x00000000119c0000]
 total_blobs=416 nmethods=141 adapters=196
 compilation: enabled

Compilation events (10 events):
Event: 111.514 Thread 0x0000000018ec3800  137       3       java.util.Arrays::copyOf (13 bytes)
Event: 111.514 Thread 0x0000000018ec3800 nmethod 137 0x0000000002b433d0 code [0x0000000002b43540, 0x0000000002b43768]
Event: 111.514 Thread 0x0000000018ec3800  138       3       java.util.ArrayList::grow (45 bytes)
Event: 111.515 Thread 0x0000000018ec3800 nmethod 138 0x0000000002b42a90 code [0x0000000002b42c40, 0x0000000002b43158]
Event: 111.515 Thread 0x0000000018ec3800  139       3       java.util.AbstractList::<init> (10 bytes)
Event: 111.515 Thread 0x0000000018ec3800 nmethod 139 0x0000000002b4d450 code [0x0000000002b4d5c0, 0x0000000002b4d7d0]
Event: 111.515 Thread 0x0000000018ec3800  140       3       java.util.ArrayList::<init> (12 bytes)
Event: 111.515 Thread 0x0000000018ec3800 nmethod 140 0x0000000002b4cf10 code [0x0000000002b4d080, 0x0000000002b4d310]
Event: 111.515 Thread 0x0000000018ec3800  141       3       cz.vsb.ekf.hos0052.softComputing.DataSetRow::<init> (15 bytes)
Event: 111.515 Thread 0x0000000018ec3800 nmethod 141 0x0000000002b4cb50 code [0x0000000002b4cca0, 0x0000000002b4ce70]

GC Heap History (0 events):
No events

Deoptimization events (0 events):
No events

Classes redefined (2 events):
Event: 442.616 Thread 0x00000000174b7800 redefined class name=cz.vsb.ekf.hos0052.softComputing.App, count=1
Event: 983.132 Thread 0x00000000174b7800 redefined class name=cz.vsb.ekf.hos0052.softComputing.App, count=2

Internal exceptions (2 events):
Event: 1.056 Thread 0x00000000028c3800 Exception <a 'java/lang/NoSuchMethodError': Method sun.misc.Unsafe.defineClass(Ljava/lang/String;[BII)Ljava/lang/Class; name or signature does not match> (0x00000000d5f07cb0) thrown at [C:\re\workspace\8-2-build-windows-amd64-cygwin\jdk8u201\12322\hotspot
Event: 1.056 Thread 0x00000000028c3800 Exception <a 'java/lang/NoSuchMethodError': Method sun.misc.Unsafe.prefetchRead(Ljava/lang/Object;J)V name or signature does not match> (0x00000000d5f07f98) thrown at [C:\re\workspace\8-2-build-windows-amd64-cygwin\jdk8u201\12322\hotspot\src\share\vm\prim

Events (10 events):
Event: 983.132 Executing VM operation: RedefineClasses done
Event: 983.186 Executing VM operation: ChangeBreakpoints
Event: 983.186 Executing VM operation: ChangeBreakpoints done
Event: 983.188 Executing VM operation: ChangeBreakpoints
Event: 983.188 Executing VM operation: ChangeBreakpoints done
Event: 983.190 Executing VM operation: ChangeBreakpoints
Event: 983.190 Executing VM operation: ChangeBreakpoints done
Event: 983.193 Executing VM operation: ChangeBreakpoints
Event: 983.193 Executing VM operation: ChangeBreakpoints done
Event: 983.198 Executing VM operation: GetOrSetLocal


Dynamic libraries:
0x00007ff66b760000 - 0x00007ff66b797000 	C:\Program Files\Java\jdk1.8.0_201\bin\java.exe
0x00007ffd3f480000 - 0x00007ffd3f661000 	C:\Windows\SYSTEM32\ntdll.dll
0x00007ffd3f260000 - 0x00007ffd3f312000 	C:\Windows\System32\KERNEL32.DLL
0x00007ffd3ba00000 - 0x00007ffd3bc73000 	C:\Windows\System32\KERNELBASE.dll
0x00007ffd3d6f0000 - 0x00007ffd3d791000 	C:\Windows\System32\ADVAPI32.dll
0x00007ffd3d7b0000 - 0x00007ffd3d84e000 	C:\Windows\System32\msvcrt.dll
0x00007ffd3cca0000 - 0x00007ffd3ccfb000 	C:\Windows\System32\sechost.dll
0x00007ffd3cdc0000 - 0x00007ffd3cee4000 	C:\Windows\System32\RPCRT4.dll
0x00007ffd3ed00000 - 0x00007ffd3ee90000 	C:\Windows\System32\USER32.dll
0x00007ffd3bc80000 - 0x00007ffd3bca0000 	C:\Windows\System32\win32u.dll
0x00007ffd3cd90000 - 0x00007ffd3cdb8000 	C:\Windows\System32\GDI32.dll
0x00007ffd3c650000 - 0x00007ffd3c7e2000 	C:\Windows\System32\gdi32full.dll
0x00007ffd3c870000 - 0x00007ffd3c90f000 	C:\Windows\System32\msvcp_win.dll
0x00007ffd3b900000 - 0x00007ffd3b9f8000 	C:\Windows\System32\ucrtbase.dll
0x00007ffd32bd0000 - 0x00007ffd32e39000 	C:\Windows\WinSxS\amd64_microsoft.windows.common-controls_6595b64144ccf1df_6.0.17134.648_none_fb45a0e93062a6d2\COMCTL32.dll
0x00007ffd3c970000 - 0x00007ffd3cc92000 	C:\Windows\System32\combase.dll
0x00007ffd3c7f0000 - 0x00007ffd3c86a000 	C:\Windows\System32\bcryptPrimitives.dll
0x00007ffd3cd00000 - 0x00007ffd3cd2d000 	C:\Windows\System32\IMM32.DLL
0x00000000771d0000 - 0x00000000772a1000 	C:\Program Files\Java\jdk1.8.0_201\jre\bin\msvcr100.dll
0x0000000075e90000 - 0x0000000076734000 	C:\Program Files\Java\jdk1.8.0_201\jre\bin\server\jvm.dll
0x00007ffd3ee90000 - 0x00007ffd3ee98000 	C:\Windows\System32\PSAPI.DLL
0x00007ffd29cb0000 - 0x00007ffd29cb9000 	C:\Windows\SYSTEM32\WSOCK32.dll
0x00007ffd3ec90000 - 0x00007ffd3ecfc000 	C:\Windows\System32\WS2_32.dll
0x00007ffd39a20000 - 0x00007ffd39a43000 	C:\Windows\SYSTEM32\WINMM.dll
0x00007ffd342a0000 - 0x00007ffd342aa000 	C:\Windows\SYSTEM32\VERSION.dll
0x00007ffd399f0000 - 0x00007ffd39a1a000 	C:\Windows\SYSTEM32\WINMMBASE.dll
0x00007ffd3b8b0000 - 0x00007ffd3b8f9000 	C:\Windows\System32\cfgmgr32.dll
0x00007ffd38200000 - 0x00007ffd3820f000 	C:\Program Files\Java\jdk1.8.0_201\jre\bin\verify.dll
0x00007ffd335b0000 - 0x00007ffd335d9000 	C:\Program Files\Java\jdk1.8.0_201\jre\bin\java.dll
0x00007ffd25f80000 - 0x00007ffd25fb5000 	C:\Program Files\Java\jdk1.8.0_201\jre\bin\jdwp.dll
0x00007ffd35570000 - 0x00007ffd35578000 	C:\Program Files\Java\jdk1.8.0_201\jre\bin\npt.dll
0x00007ffd23ca0000 - 0x00007ffd23cc3000 	C:\Program Files\Java\jdk1.8.0_201\jre\bin\instrument.dll
0x00007ffd30f90000 - 0x00007ffd30fa6000 	C:\Program Files\Java\jdk1.8.0_201\jre\bin\zip.dll
0x00007ffd3d850000 - 0x00007ffd3ec90000 	C:\Windows\System32\SHELL32.dll
0x00007ffd3f3a0000 - 0x00007ffd3f449000 	C:\Windows\System32\shcore.dll
0x00007ffd3be90000 - 0x00007ffd3c59d000 	C:\Windows\System32\windows.storage.dll
0x00007ffd3d070000 - 0x00007ffd3d0c1000 	C:\Windows\System32\shlwapi.dll
0x00007ffd3b810000 - 0x00007ffd3b821000 	C:\Windows\System32\kernel.appcore.dll
0x00007ffd3b830000 - 0x00007ffd3b84f000 	C:\Windows\System32\profapi.dll
0x00007ffd3b7c0000 - 0x00007ffd3b80c000 	C:\Windows\System32\powrprof.dll
0x00007ffd3b790000 - 0x00007ffd3b79a000 	C:\Windows\System32\FLTLIB.DLL
0x00007ffd335a0000 - 0x00007ffd335a9000 	C:\Program Files\Java\jdk1.8.0_201\jre\bin\dt_socket.dll
0x00007ffd3afb0000 - 0x00007ffd3b016000 	C:\Windows\system32\mswsock.dll
0x00007ffd30e10000 - 0x00007ffd30e2a000 	C:\Program Files\Java\jdk1.8.0_201\jre\bin\net.dll
0x00007ffd304f0000 - 0x00007ffd306b8000 	C:\Windows\SYSTEM32\urlmon.dll
0x00007ffd30870000 - 0x00007ffd30b15000 	C:\Windows\SYSTEM32\iertutil.dll
0x00007ffd3b160000 - 0x00007ffd3b16b000 	C:\Windows\SYSTEM32\CRYPTBASE.DLL
0x00007ffd30b20000 - 0x00007ffd30b31000 	C:\Program Files\Java\jdk1.8.0_201\jre\bin\nio.dll

VM Arguments:
jvm_args: -agentlib:jdwp=transport=dt_socket,address=127.0.0.1:50417,suspend=y,server=n -javaagent:C:\Users\jhosn\.IntelliJIdea2018.1\system\captureAgent\debugger-agent.jar=file:/C:/Users/jhosn/AppData/Local/Temp/capture.props -Dfile.encoding=UTF-8 
java_command: cz.vsb.ekf.hos0052.softComputing.App
java_class_path (initial): C:\Program Files\Java\jdk1.8.0_201\jre\lib\charsets.jar;C:\Program Files\Java\jdk1.8.0_201\jre\lib\deploy.jar;C:\Program Files\Java\jdk1.8.0_201\jre\lib\ext\access-bridge-64.jar;C:\Program Files\Java\jdk1.8.0_201\jre\lib\ext\cldrdata.jar;C:\Program Files\Java\jdk1.8.0_201\jre\lib\ext\dnsns.jar;C:\Program Files\Java\jdk1.8.0_201\jre\lib\ext\jaccess.jar;C:\Program Files\Java\jdk1.8.0_201\jre\lib\ext\jfxrt.jar;C:\Program Files\Java\jdk1.8.0_201\jre\lib\ext\localedata.jar;C:\Program Files\Java\jdk1.8.0_201\jre\lib\ext\nashorn.jar;C:\Program Files\Java\jdk1.8.0_201\jre\lib\ext\sunec.jar;C:\Program Files\Java\jdk1.8.0_201\jre\lib\ext\sunjce_provider.jar;C:\Program Files\Java\jdk1.8.0_201\jre\lib\ext\sunmscapi.jar;C:\Program Files\Java\jdk1.8.0_201\jre\lib\ext\sunpkcs11.jar;C:\Program Files\Java\jdk1.8.0_201\jre\lib\ext\zipfs.jar;C:\Program Files\Java\jdk1.8.0_201\jre\lib\javaws.jar;C:\Program Files\Java\jdk1.8.0_201\jre\lib\jce.jar;C:\Program Files\Java\jdk1.8.0_201\jre\lib\jfr.jar;C:\Program Files\Java\jdk1.8.0_201\jre\lib\jfxswt.jar;C:\Program Files\Java\jdk1.8.0_201\jre\lib\jsse.jar;C:\Program Files\Java\jdk1.8.0_201\jre\lib\management-agent.jar;C:\Program Files\Java\jdk1.8.0_201\jre\lib\plugin.jar;C:\Program Files\Java\jdk1.8.0_201\jre\lib\resources.jar;C:\Program Files\Java\jdk1.8.0_201\jre\lib\rt.jar;C:\Users\jhosn\Desktop\Cviko\Cviko\target\classes;C:\Users\jhosn\.m2\repository\org\apache\commons\commons-csv\1.5\commons-csv-1.5.jar;C:\Program Files\JetBrains\IntelliJ IDEA 2018.1.5\lib\idea_rt.jar;C:\Users\jhosn\.IntelliJIdea2018.1\system\captureAgent\debugger-agent.jar
Launcher Type: SUN_STANDARD

Environment Variables:
JAVA_HOME=C:\Progra~1\Java\jdk1.8.0_201
PATH=C:\Program Files (x86)\Common Files\Oracle\Java\javapath;C:\Windows\system32;C:\Windows;C:\Windows\System32\Wbem;C:\Windows\System32\WindowsPowerShell\v1.0\;C:\Windows\System32\OpenSSH\;C:\Program Files\nodejs\;C:\Program Files\Git\cmd;C:\Program Files (x86)\Microsoft SQL Server\150\DTS\Binn\;C:\Progra~1\Java\jdk1.8.0_201\bin;C:\Users\jhosn\AppData\Local\Microsoft\WindowsApps;C:\Users\jhosn\AppData\Roaming\npm;C:\Progra~1\Java\jdk1.8.0_201\bin;
USERNAME=jhosn
OS=Windows_NT
PROCESSOR_IDENTIFIER=Intel64 Family 6 Model 58 Stepping 9, GenuineIntel



---------------  S Y S T E M  ---------------

OS: Windows 10.0 , 64 bit Build 17134 (10.0.17134.648)

CPU:total 4 (initial active 4) (2 cores per cpu, 2 threads per core) family 6 model 58 stepping 9, cmov, cx8, fxsr, mmx, sse, sse2, sse3, ssse3, sse4.1, sse4.2, popcnt, avx, aes, clmul, erms, ht, tsc, tscinvbit, tscinv

Memory: 4k page, physical 8271336k(2252236k free), swap 13589536k(3637348k free)

vm_info: Java HotSpot(TM) 64-Bit Server VM (25.201-b09) for windows-amd64 JRE (1.8.0_201-b09), built on Dec 15 2018 18:36:39 by "java_re" with MS VC++ 10.0 (VS2010)

time: Wed Mar 27 20:38:46 2019
timezone: Støední Evropa (bìžný èas)
elapsed time: 983 seconds (0d 0h 16m 23s)

